<?xml version="1.0" encoding="UTF-8"?>
<testsuite xmlns:xsi="http://www.w3.org/2001/XMLSchema-instance" xsi:noNamespaceSchemaLocation="https://maven.apache.org/surefire/maven-surefire-plugin/xsd/surefire-test-report-3.0.xsd" version="3.0" name="AwesomePasswordChecker.AppTest" time="0.151" tests="10" errors="0" skipped="0" failures="0">
  <properties>
    <property name="java.specification.version" value="17"/>
    <property name="sun.jnu.encoding" value="UTF-8"/>
    <property name="java.class.path" value="/mnt/d/DualShared/ZZ2/code-Review/CodeReview/TP/TP1-BeautifyThatCode/new-form/AwesomePasswordChecker/target/test-classes:/mnt/d/DualShared/ZZ2/code-Review/CodeReview/TP/TP1-BeautifyThatCode/new-form/AwesomePasswordChecker/target/classes:/home/abdo/.m2/repository/org/junit/jupiter/junit-jupiter-api/5.8.1/junit-jupiter-api-5.8.1.jar:/home/abdo/.m2/repository/org/opentest4j/opentest4j/1.2.0/opentest4j-1.2.0.jar:/home/abdo/.m2/repository/org/junit/platform/junit-platform-commons/1.8.1/junit-platform-commons-1.8.1.jar:/home/abdo/.m2/repository/org/apiguardian/apiguardian-api/1.1.2/apiguardian-api-1.1.2.jar:/home/abdo/.m2/repository/org/junit/jupiter/junit-jupiter-engine/5.8.1/junit-jupiter-engine-5.8.1.jar:/home/abdo/.m2/repository/org/junit/platform/junit-platform-engine/1.8.1/junit-platform-engine-1.8.1.jar:"/>
    <property name="java.vm.vendor" value="Ubuntu"/>
    <property name="sun.arch.data.model" value="64"/>
    <property name="java.vendor.url" value="https://ubuntu.com/"/>
    <property name="os.name" value="Linux"/>
    <property name="java.vm.specification.version" value="17"/>
    <property name="sun.java.launcher" value="SUN_STANDARD"/>
    <property name="sun.boot.library.path" value="/usr/lib/jvm/java-17-openjdk-amd64/lib"/>
    <property name="sun.java.command" value="/mnt/d/DualShared/ZZ2/code-Review/CodeReview/TP/TP1-BeautifyThatCode/new-form/AwesomePasswordChecker/target/surefire/surefirebooter4299626856658318833.jar /mnt/d/DualShared/ZZ2/code-Review/CodeReview/TP/TP1-BeautifyThatCode/new-form/AwesomePasswordChecker/target/surefire 2024-12-02T03-51-32_538-jvmRun1 surefire14837170730054284838tmp surefire_010685127089702578625tmp"/>
    <property name="jdk.debug" value="release"/>
    <property name="surefire.test.class.path" value="/mnt/d/DualShared/ZZ2/code-Review/CodeReview/TP/TP1-BeautifyThatCode/new-form/AwesomePasswordChecker/target/test-classes:/mnt/d/DualShared/ZZ2/code-Review/CodeReview/TP/TP1-BeautifyThatCode/new-form/AwesomePasswordChecker/target/classes:/home/abdo/.m2/repository/org/junit/jupiter/junit-jupiter-api/5.8.1/junit-jupiter-api-5.8.1.jar:/home/abdo/.m2/repository/org/opentest4j/opentest4j/1.2.0/opentest4j-1.2.0.jar:/home/abdo/.m2/repository/org/junit/platform/junit-platform-commons/1.8.1/junit-platform-commons-1.8.1.jar:/home/abdo/.m2/repository/org/apiguardian/apiguardian-api/1.1.2/apiguardian-api-1.1.2.jar:/home/abdo/.m2/repository/org/junit/jupiter/junit-jupiter-engine/5.8.1/junit-jupiter-engine-5.8.1.jar:/home/abdo/.m2/repository/org/junit/platform/junit-platform-engine/1.8.1/junit-platform-engine-1.8.1.jar:"/>
    <property name="sun.cpu.endian" value="little"/>
    <property name="user.home" value="/home/abdo"/>
    <property name="user.language" value="en"/>
    <property name="java.specification.vendor" value="Oracle Corporation"/>
    <property name="java.version.date" value="2024-10-15"/>
    <property name="java.home" value="/usr/lib/jvm/java-17-openjdk-amd64"/>
    <property name="file.separator" value="/"/>
    <property name="basedir" value="/mnt/d/DualShared/ZZ2/code-Review/CodeReview/TP/TP1-BeautifyThatCode/new-form/AwesomePasswordChecker"/>
    <property name="java.vm.compressedOopsMode" value="32-bit"/>
    <property name="line.separator" value="&#10;"/>
    <property name="java.vm.specification.vendor" value="Oracle Corporation"/>
    <property name="java.specification.name" value="Java Platform API Specification"/>
    <property name="surefire.real.class.path" value="/mnt/d/DualShared/ZZ2/code-Review/CodeReview/TP/TP1-BeautifyThatCode/new-form/AwesomePasswordChecker/target/surefire/surefirebooter4299626856658318833.jar"/>
    <property name="sun.management.compiler" value="HotSpot 64-Bit Tiered Compilers"/>
    <property name="java.runtime.version" value="17.0.13+11-Ubuntu-2ubuntu124.04"/>
    <property name="user.name" value="abdo"/>
    <property name="path.separator" value=":"/>
    <property name="os.version" value="5.10.102.1-microsoft-standard-WSL2"/>
    <property name="java.runtime.name" value="OpenJDK Runtime Environment"/>
    <property name="file.encoding" value="UTF-8"/>
    <property name="java.vm.name" value="OpenJDK 64-Bit Server VM"/>
    <property name="localRepository" value="/home/abdo/.m2/repository"/>
    <property name="java.vendor.url.bug" value="https://bugs.launchpad.net/ubuntu/+source/openjdk-17"/>
    <property name="java.io.tmpdir" value="/tmp"/>
    <property name="java.version" value="17.0.13"/>
    <property name="user.dir" value="/mnt/d/DualShared/ZZ2/code-Review/CodeReview/TP/TP1-BeautifyThatCode/new-form/AwesomePasswordChecker"/>
    <property name="os.arch" value="amd64"/>
    <property name="java.vm.specification.name" value="Java Virtual Machine Specification"/>
    <property name="native.encoding" value="UTF-8"/>
    <property name="java.library.path" value="/usr/java/packages/lib:/usr/lib/x86_64-linux-gnu/jni:/lib/x86_64-linux-gnu:/usr/lib/x86_64-linux-gnu:/usr/lib/jni:/lib:/usr/lib"/>
    <property name="java.vm.info" value="mixed mode, sharing"/>
    <property name="java.vendor" value="Ubuntu"/>
    <property name="java.vm.version" value="17.0.13+11-Ubuntu-2ubuntu124.04"/>
    <property name="java.specification.maintenance.version" value="1"/>
    <property name="sun.io.unicode.encoding" value="UnicodeLittle"/>
    <property name="java.class.version" value="61.0"/>
  </properties>
  <testcase name="testGetDistanceWithEmptyPassword" classname="AwesomePasswordChecker.AppTest" time="0.074"/>
  <testcase name="shouldReturnHelloWorldMessage" classname="AwesomePasswordChecker.AppTest" time="0.007"/>
  <testcase name="testComputeMD5" classname="AwesomePasswordChecker.AppTest" time="0.002"/>
  <testcase name="testGetDistanceWithLongPassword" classname="AwesomePasswordChecker.AppTest" time="0.004"/>
  <testcase name="testGetDistanceWithShortPassword" classname="AwesomePasswordChecker.AppTest" time="0.003"/>
  <testcase name="testGetInstanceWithInvalidFile" classname="AwesomePasswordChecker.AppTest" time="0.006"/>
  <testcase name="testGetInstanceWithDefaultResource" classname="AwesomePasswordChecker.AppTest" time="0.003"/>
  <testcase name="testGetDistance" classname="AwesomePasswordChecker.AppTest" time="0.002"/>
  <testcase name="testGetInstance" classname="AwesomePasswordChecker.AppTest" time="0.003"/>
  <testcase name="testGetInstanceWithInputStream" classname="AwesomePasswordChecker.AppTest" time="0.006"/>
</testsuite>